2020-04-16 23:00:09,651 [Worker-0] INFO  c.g.t.t.d.PublishedGradleVersions - Gradle version information cache is up-to-date. Trying to read.
2020-04-16 23:02:36,335 [Worker-4] INFO  o.e.m.c.i.l.LifecycleMappingFactory - Using org.eclipse.m2e.jdt.JarLifecycleMapping lifecycle mapping for MavenProject: StrangerT:StrangerT:0.0.1-SNAPSHOT @ C:\Stensul\StrangerT\pom.xml.
2020-04-16 23:02:36,898 [Worker-4] INFO  o.e.m.j.i.AbstractJavaProjectConfigurator - Adding source folder /StrangerT/src/main/java
2020-04-16 23:02:36,902 [Worker-4] INFO  o.e.m.j.i.AbstractJavaProjectConfigurator - Adding resource folder /StrangerT/src/main/resources
2020-04-16 23:02:36,903 [Worker-4] INFO  o.e.m.j.i.AbstractJavaProjectConfigurator - Adding source folder /StrangerT/src/test/java
2020-04-16 23:02:36,910 [Worker-4] INFO  o.e.m.j.i.AbstractJavaProjectConfigurator - Adding resource folder /StrangerT/src/test/resources
2020-04-16 23:02:38,466 [Worker-9] WARN  o.e.m.c.i.embedder.EclipseLogger - Using platform encoding (Cp1252 actually) to copy filtered resources, i.e. build is platform dependent!
2020-04-16 23:02:38,496 [Worker-9] INFO  o.e.m.c.i.embedder.EclipseLogger - Copying 0 resource
2020-04-16 23:02:38,506 [Worker-9] WARN  o.e.m.c.i.embedder.EclipseLogger - Using platform encoding (Cp1252 actually) to copy filtered resources, i.e. build is platform dependent!
2020-04-16 23:02:38,522 [Worker-9] INFO  o.e.m.c.i.embedder.EclipseLogger - Copying 0 resource
2020-04-16 23:05:32,600 [Worker-12] INFO  o.e.m.c.i.l.LifecycleMappingFactory - Using org.eclipse.m2e.jdt.JarLifecycleMapping lifecycle mapping for MavenProject: StrangerT:StrangerT:0.0.1-SNAPSHOT @ C:\Stensul\StrangerT\pom.xml.
2020-04-16 23:05:34,576 [Worker-12] INFO  o.e.m.c.i.e.AbstractTransferListenerAdapter - Downloading https://repo.maven.apache.org/maven2/com/google/guava/guava/19.0/guava-19.0.jar
2020-04-16 23:05:44,136 [Worker-12] INFO  o.e.m.c.i.e.AbstractTransferListenerAdapter - Downloaded https://repo.maven.apache.org/maven2/com/google/guava/guava/19.0/guava-19.0.jar
2020-04-16 23:05:44,956 [Worker-12] WARN  o.e.m.c.i.embedder.EclipseLogger - Using platform encoding (Cp1252 actually) to copy filtered resources, i.e. build is platform dependent!
2020-04-16 23:05:44,975 [Worker-12] INFO  o.e.m.c.i.embedder.EclipseLogger - Copying 0 resource
2020-04-16 23:05:44,978 [Worker-12] WARN  o.e.m.c.i.embedder.EclipseLogger - Using platform encoding (Cp1252 actually) to copy filtered resources, i.e. build is platform dependent!
2020-04-16 23:05:44,993 [Worker-12] INFO  o.e.m.c.i.embedder.EclipseLogger - Copying 0 resource
2020-04-16 23:06:47,589 [Worker-12] INFO  o.e.m.c.i.l.LifecycleMappingFactory - Using org.eclipse.m2e.jdt.JarLifecycleMapping lifecycle mapping for MavenProject: StrangerT:StrangerT:0.0.1-SNAPSHOT @ C:\Stensul\StrangerT\pom.xml.
2020-04-16 23:06:48,808 [Worker-12] INFO  o.e.m.c.i.e.AbstractTransferListenerAdapter - Downloading https://repo.maven.apache.org/maven2/junit/junit/4.13/junit-4.13.pom
2020-04-16 23:06:49,081 [Worker-7] INFO  o.e.m.c.i.e.AbstractTransferListenerAdapter - Downloading https://repo.maven.apache.org/maven2/junit/junit/4.13/junit-4.13.pom
2020-04-16 23:06:49,251 [Worker-12] INFO  o.e.m.c.i.e.AbstractTransferListenerAdapter - Downloaded https://repo.maven.apache.org/maven2/junit/junit/4.13/junit-4.13.pom
2020-04-16 23:06:49,724 [Worker-12] INFO  o.e.m.c.i.e.AbstractTransferListenerAdapter - Downloading https://repo.maven.apache.org/maven2/org/hamcrest/hamcrest-core/1.3/hamcrest-core-1.3.pom
2020-04-16 23:06:50,046 [Worker-12] INFO  o.e.m.c.i.e.AbstractTransferListenerAdapter - Downloaded https://repo.maven.apache.org/maven2/org/hamcrest/hamcrest-core/1.3/hamcrest-core-1.3.pom
2020-04-16 23:06:50,244 [Worker-12] INFO  o.e.m.c.i.e.AbstractTransferListenerAdapter - Downloading https://repo.maven.apache.org/maven2/org/hamcrest/hamcrest-parent/1.3/hamcrest-parent-1.3.pom
2020-04-16 23:06:50,479 [Worker-12] INFO  o.e.m.c.i.e.AbstractTransferListenerAdapter - Downloaded https://repo.maven.apache.org/maven2/org/hamcrest/hamcrest-parent/1.3/hamcrest-parent-1.3.pom
2020-04-16 23:06:50,960 [Worker-12] INFO  o.e.m.c.i.e.AbstractTransferListenerAdapter - Downloading https://repo.maven.apache.org/maven2/junit/junit/4.13/junit-4.13.jar
2020-04-16 23:06:51,529 [Worker-7] INFO  o.e.m.c.i.e.AbstractTransferListenerAdapter - Downloaded https://repo.maven.apache.org/maven2/junit/junit/4.13/junit-4.13.pom
2020-04-16 23:06:51,783 [Worker-7] INFO  o.e.m.c.i.e.AbstractTransferListenerAdapter - Downloading https://repo.maven.apache.org/maven2/junit/junit/4.13/junit-4.13.jar
2020-04-16 23:06:52,312 [Worker-12] INFO  o.e.m.c.i.e.AbstractTransferListenerAdapter - Downloaded https://repo.maven.apache.org/maven2/junit/junit/4.13/junit-4.13.jar
2020-04-16 23:06:52,506 [Worker-12] INFO  o.e.m.c.i.e.AbstractTransferListenerAdapter - Downloading https://repo.maven.apache.org/maven2/org/hamcrest/hamcrest-core/1.3/hamcrest-core-1.3.jar
2020-04-16 23:06:53,050 [Worker-12] INFO  o.e.m.c.i.e.AbstractTransferListenerAdapter - Downloaded https://repo.maven.apache.org/maven2/org/hamcrest/hamcrest-core/1.3/hamcrest-core-1.3.jar
2020-04-16 23:06:53,730 [Worker-12] WARN  o.e.m.c.i.embedder.EclipseLogger - Using platform encoding (Cp1252 actually) to copy filtered resources, i.e. build is platform dependent!
2020-04-16 23:06:53,747 [Worker-12] INFO  o.e.m.c.i.embedder.EclipseLogger - Copying 0 resource
2020-04-16 23:06:53,751 [Worker-12] WARN  o.e.m.c.i.embedder.EclipseLogger - Using platform encoding (Cp1252 actually) to copy filtered resources, i.e. build is platform dependent!
2020-04-16 23:06:53,763 [Worker-12] INFO  o.e.m.c.i.embedder.EclipseLogger - Copying 0 resource
2020-04-16 23:06:55,398 [Worker-7] INFO  o.e.m.c.i.e.AbstractTransferListenerAdapter - Downloaded https://repo.maven.apache.org/maven2/junit/junit/4.13/junit-4.13.jar
2020-04-16 23:06:55,664 [Worker-7] INFO  o.e.m.c.i.e.AbstractTransferListenerAdapter - Downloading https://repo.maven.apache.org/maven2/org/hamcrest/hamcrest-core/1.3/hamcrest-core-1.3.jar
2020-04-16 23:06:57,042 [Worker-7] INFO  o.e.m.c.i.e.AbstractTransferListenerAdapter - Downloaded https://repo.maven.apache.org/maven2/org/hamcrest/hamcrest-core/1.3/hamcrest-core-1.3.jar
2020-04-16 23:07:20,471 [Worker-7] INFO  o.e.m.c.i.l.LifecycleMappingFactory - Using org.eclipse.m2e.jdt.JarLifecycleMapping lifecycle mapping for MavenProject: StrangerT:StrangerT:0.0.1-SNAPSHOT @ C:\Stensul\StrangerT\pom.xml.
2020-04-16 23:07:21,619 [Worker-7] WARN  o.e.m.c.i.embedder.EclipseLogger - Using platform encoding (Cp1252 actually) to copy filtered resources, i.e. build is platform dependent!
2020-04-16 23:07:21,640 [Worker-7] INFO  o.e.m.c.i.embedder.EclipseLogger - Copying 0 resource
2020-04-16 23:07:21,644 [Worker-7] WARN  o.e.m.c.i.embedder.EclipseLogger - Using platform encoding (Cp1252 actually) to copy filtered resources, i.e. build is platform dependent!
2020-04-16 23:07:21,655 [Worker-7] INFO  o.e.m.c.i.embedder.EclipseLogger - Copying 0 resource
2020-04-16 23:08:12,641 [Worker-7] WARN  o.e.m.c.i.embedder.EclipseLogger - Using platform encoding (Cp1252 actually) to copy filtered resources, i.e. build is platform dependent!
2020-04-16 23:08:12,675 [Worker-7] INFO  o.e.m.c.i.embedder.EclipseLogger - Copying 0 resource
2020-04-16 23:08:12,677 [Worker-7] WARN  o.e.m.c.i.embedder.EclipseLogger - Using platform encoding (Cp1252 actually) to copy filtered resources, i.e. build is platform dependent!
2020-04-16 23:08:12,702 [Worker-7] INFO  o.e.m.c.i.embedder.EclipseLogger - Copying 0 resource
2020-04-16 23:08:18,817 [Worker-9] WARN  o.e.m.c.i.embedder.EclipseLogger - Using platform encoding (Cp1252 actually) to copy filtered resources, i.e. build is platform dependent!
2020-04-16 23:08:18,836 [Worker-9] INFO  o.e.m.c.i.embedder.EclipseLogger - Copying 0 resource
2020-04-16 23:08:18,839 [Worker-9] WARN  o.e.m.c.i.embedder.EclipseLogger - Using platform encoding (Cp1252 actually) to copy filtered resources, i.e. build is platform dependent!
2020-04-16 23:08:18,852 [Worker-9] INFO  o.e.m.c.i.embedder.EclipseLogger - Copying 0 resource
2020-04-16 23:10:21,068 [Worker-5] WARN  o.e.m.c.i.embedder.EclipseLogger - Using platform encoding (Cp1252 actually) to copy filtered resources, i.e. build is platform dependent!
2020-04-16 23:10:21,144 [Worker-5] INFO  o.e.m.c.i.embedder.EclipseLogger - Copying 0 resource
2020-04-16 23:10:21,145 [Worker-5] WARN  o.e.m.c.i.embedder.EclipseLogger - Using platform encoding (Cp1252 actually) to copy filtered resources, i.e. build is platform dependent!
2020-04-16 23:10:21,168 [Worker-5] INFO  o.e.m.c.i.embedder.EclipseLogger - Copying 0 resource
2020-04-16 23:11:45,001 [Worker-5] WARN  o.e.m.c.i.embedder.EclipseLogger - Using platform encoding (Cp1252 actually) to copy filtered resources, i.e. build is platform dependent!
2020-04-16 23:11:45,018 [Worker-5] INFO  o.e.m.c.i.embedder.EclipseLogger - Copying 0 resource
2020-04-16 23:11:45,021 [Worker-5] WARN  o.e.m.c.i.embedder.EclipseLogger - Using platform encoding (Cp1252 actually) to copy filtered resources, i.e. build is platform dependent!
2020-04-16 23:11:45,031 [Worker-5] INFO  o.e.m.c.i.embedder.EclipseLogger - Copying 0 resource
2020-04-16 23:11:49,456 [Worker-12] WARN  o.e.m.c.i.embedder.EclipseLogger - Using platform encoding (Cp1252 actually) to copy filtered resources, i.e. build is platform dependent!
2020-04-16 23:11:49,476 [Worker-12] INFO  o.e.m.c.i.embedder.EclipseLogger - Copying 0 resource
2020-04-16 23:11:49,478 [Worker-12] WARN  o.e.m.c.i.embedder.EclipseLogger - Using platform encoding (Cp1252 actually) to copy filtered resources, i.e. build is platform dependent!
2020-04-16 23:11:49,493 [Worker-12] INFO  o.e.m.c.i.embedder.EclipseLogger - Copying 0 resource
2020-04-16 23:20:38,401 [Worker-7] WARN  o.e.m.c.i.embedder.EclipseLogger - Using platform encoding (Cp1252 actually) to copy filtered resources, i.e. build is platform dependent!
2020-04-16 23:20:38,414 [Worker-7] INFO  o.e.m.c.i.embedder.EclipseLogger - Copying 0 resource
2020-04-16 23:20:38,416 [Worker-7] WARN  o.e.m.c.i.embedder.EclipseLogger - Using platform encoding (Cp1252 actually) to copy filtered resources, i.e. build is platform dependent!
2020-04-16 23:20:38,428 [Worker-7] INFO  o.e.m.c.i.embedder.EclipseLogger - Copying 0 resource
2020-04-16 23:20:44,314 [Worker-12] WARN  o.e.m.c.i.embedder.EclipseLogger - Using platform encoding (Cp1252 actually) to copy filtered resources, i.e. build is platform dependent!
2020-04-16 23:20:44,325 [Worker-12] INFO  o.e.m.c.i.embedder.EclipseLogger - Copying 0 resource
2020-04-16 23:20:44,328 [Worker-12] WARN  o.e.m.c.i.embedder.EclipseLogger - Using platform encoding (Cp1252 actually) to copy filtered resources, i.e. build is platform dependent!
2020-04-16 23:20:44,339 [Worker-12] INFO  o.e.m.c.i.embedder.EclipseLogger - Copying 0 resource
2020-04-16 23:23:11,630 [Worker-16] INFO  o.e.m.i.launch.MavenLaunchDelegate - C:\Stensul\StrangerT
2020-04-16 23:23:11,632 [Worker-16] INFO  o.e.m.i.launch.MavenLaunchDelegate -  mvn -B clean
2020-04-16 23:23:14,323 [Worker-5] WARN  o.e.m.c.i.embedder.EclipseLogger - Using platform encoding (Cp1252 actually) to copy filtered resources, i.e. build is platform dependent!
2020-04-16 23:23:14,335 [Worker-5] INFO  o.e.m.c.i.embedder.EclipseLogger - Copying 0 resource
2020-04-16 23:23:14,337 [Worker-5] WARN  o.e.m.c.i.embedder.EclipseLogger - Using platform encoding (Cp1252 actually) to copy filtered resources, i.e. build is platform dependent!
2020-04-16 23:23:14,348 [Worker-5] INFO  o.e.m.c.i.embedder.EclipseLogger - Copying 0 resource
2020-04-16 23:23:45,984 [main] INFO  o.e.m2e.actions.ExecutePomAction - Creating new launch configuration
2020-04-16 23:52:28,523 [main] INFO  o.e.m2e.actions.ExecutePomAction - Using existing launch configuration
2020-04-16 23:52:31,734 [Worker-20] INFO  o.e.m.i.launch.MavenLaunchDelegate - C:\Stensul\StrangerT
2020-04-16 23:52:31,734 [Worker-20] INFO  o.e.m.i.launch.MavenLaunchDelegate -  mvn -B 
2020-04-16 23:53:27,884 [Worker-21] INFO  o.e.m.i.launch.MavenLaunchDelegate - C:\Stensul\StrangerT
2020-04-16 23:53:27,884 [Worker-21] INFO  o.e.m.i.launch.MavenLaunchDelegate -  mvn -B 
2020-04-16 23:53:56,299 [Worker-21] INFO  o.e.m.i.launch.MavenLaunchDelegate - C:\Stensul\StrangerT
2020-04-16 23:53:56,299 [Worker-21] INFO  o.e.m.i.launch.MavenLaunchDelegate -  mvn -B 
2020-04-16 23:58:43,625 [Worker-16] WARN  o.e.r.models.ModelRepository - Failed to download org.eclipse.recommenders:index::zip:0.0.0
org.eclipse.aether.resolution.ArtifactResolutionException: Could not find artifact org.eclipse.recommenders:index:zip:0.0.0-SNAPSHOT in models (http://download.eclipse.org/recommenders/models/oxygen/)
	at org.eclipse.aether.internal.impl.DefaultArtifactResolver.resolve(DefaultArtifactResolver.java:453) ~[na:na]
	at org.eclipse.aether.internal.impl.DefaultArtifactResolver.resolveArtifacts(DefaultArtifactResolver.java:255) ~[na:na]
	at org.eclipse.aether.internal.impl.DefaultArtifactResolver.resolveArtifact(DefaultArtifactResolver.java:232) ~[na:na]
	at org.eclipse.aether.internal.impl.DefaultRepositorySystem.resolveArtifact(DefaultRepositorySystem.java:303) ~[na:na]
	at org.eclipse.recommenders.models.ModelRepository.resolveInternal(ModelRepository.java:193) [org.eclipse.recommenders.models_2.5.2.v20180401-1226.jar:na]
	at org.eclipse.recommenders.models.ModelRepository.resolve(ModelRepository.java:172) [org.eclipse.recommenders.models_2.5.2.v20180401-1226.jar:na]
	at org.eclipse.recommenders.internal.models.rcp.EclipseModelRepository.resolve(EclipseModelRepository.java:168) [org.eclipse.recommenders.models.rcp_2.5.2.v20180401-1226.jar:na]
	at org.eclipse.recommenders.internal.models.rcp.DownloadModelArchiveJob.run(DownloadModelArchiveJob.java:76) [org.eclipse.recommenders.models.rcp_2.5.2.v20180401-1226.jar:na]
	at org.eclipse.core.internal.jobs.Worker.run(Worker.java:56) [org.eclipse.core.jobs_3.9.3.v20180115-1757.jar:na]
Caused by: org.eclipse.aether.transfer.ArtifactNotFoundException: Could not find artifact org.eclipse.recommenders:index:zip:0.0.0-SNAPSHOT in models (http://download.eclipse.org/recommenders/models/oxygen/)
	at org.eclipse.aether.connector.basic.ArtifactTransportListener.transferFailed(ArtifactTransportListener.java:48) ~[org.apache.maven.resolver.connector.basic_1.0.3.v20170405-0725.jar:1.0.3]
	at org.eclipse.aether.connector.basic.BasicRepositoryConnector$TaskRunner.run(BasicRepositoryConnector.java:364) ~[org.apache.maven.resolver.connector.basic_1.0.3.v20170405-0725.jar:1.0.3]
	at org.eclipse.aether.util.concurrency.RunnableErrorForwarder$1.run(RunnableErrorForwarder.java:76) ~[na:na]
	at org.eclipse.aether.connector.basic.BasicRepositoryConnector$DirectExecutor.execute(BasicRepositoryConnector.java:590) ~[org.apache.maven.resolver.connector.basic_1.0.3.v20170405-0725.jar:1.0.3]
	at org.eclipse.aether.connector.basic.BasicRepositoryConnector.get(BasicRepositoryConnector.java:258) ~[org.apache.maven.resolver.connector.basic_1.0.3.v20170405-0725.jar:1.0.3]
	at org.eclipse.aether.internal.impl.DefaultArtifactResolver.performDownloads(DefaultArtifactResolver.java:529) ~[na:na]
	at org.eclipse.aether.internal.impl.DefaultArtifactResolver.resolve(DefaultArtifactResolver.java:430) ~[na:na]
	... 8 common frames omitted
2020-04-17 00:20:10,788 [Worker-24] INFO  o.e.m.c.i.e.AbstractTransferListenerAdapter - Downloading https://repo.maven.apache.org/maven2/org/testng/testng/7.1.0/testng-7.1.0-sources.jar
2020-04-17 00:20:17,351 [Worker-24] INFO  o.e.m.c.i.e.AbstractTransferListenerAdapter - Downloaded https://repo.maven.apache.org/maven2/org/testng/testng/7.1.0/testng-7.1.0-sources.jar
2020-04-17 00:20:17,577 [Worker-24] INFO  o.e.m.j.internal.DownloadSourcesJob - Downloaded sources for org.testng:testng:7.1.0
2020-04-17 00:20:17,934 [Worker-23] WARN  o.e.m.c.i.embedder.EclipseLogger - Using platform encoding (Cp1252 actually) to copy filtered resources, i.e. build is platform dependent!
2020-04-17 00:20:17,947 [Worker-23] INFO  o.e.m.c.i.embedder.EclipseLogger - Copying 0 resource
2020-04-17 00:20:17,947 [Worker-23] WARN  o.e.m.c.i.embedder.EclipseLogger - Using platform encoding (Cp1252 actually) to copy filtered resources, i.e. build is platform dependent!
2020-04-17 00:20:17,959 [Worker-23] INFO  o.e.m.c.i.embedder.EclipseLogger - Copying 0 resource
2020-04-17 00:26:50,956 [Worker-16] WARN  o.e.m.c.i.embedder.EclipseLogger - Using platform encoding (Cp1252 actually) to copy filtered resources, i.e. build is platform dependent!
2020-04-17 00:26:50,968 [Worker-16] INFO  o.e.m.c.i.embedder.EclipseLogger - Copying 0 resource
2020-04-17 00:26:50,969 [Worker-16] WARN  o.e.m.c.i.embedder.EclipseLogger - Using platform encoding (Cp1252 actually) to copy filtered resources, i.e. build is platform dependent!
2020-04-17 00:26:50,982 [Worker-16] INFO  o.e.m.c.i.embedder.EclipseLogger - Copying 0 resource
2020-04-17 00:28:57,406 [Worker-25] WARN  o.e.m.c.i.embedder.EclipseLogger - Using platform encoding (Cp1252 actually) to copy filtered resources, i.e. build is platform dependent!
2020-04-17 00:28:57,418 [Worker-25] INFO  o.e.m.c.i.embedder.EclipseLogger - Copying 0 resource
2020-04-17 00:28:57,420 [Worker-25] WARN  o.e.m.c.i.embedder.EclipseLogger - Using platform encoding (Cp1252 actually) to copy filtered resources, i.e. build is platform dependent!
2020-04-17 00:28:57,430 [Worker-25] INFO  o.e.m.c.i.embedder.EclipseLogger - Copying 0 resource
2020-04-17 00:40:55,027 [Worker-31] INFO  o.e.m.c.i.l.LifecycleMappingFactory - Using org.eclipse.m2e.jdt.JarLifecycleMapping lifecycle mapping for MavenProject: StrangerT:StrangerT:0.0.1-SNAPSHOT @ C:\Stensul\StrangerT\pom.xml.
2020-04-17 00:40:57,213 [Worker-31] INFO  o.e.m.c.i.e.AbstractTransferListenerAdapter - Downloading https://repo.maven.apache.org/maven2/org/testng/testng/6.14.3/testng-6.14.3.pom
2020-04-17 00:40:57,444 [Worker-31] INFO  o.e.m.c.i.e.AbstractTransferListenerAdapter - Downloaded https://repo.maven.apache.org/maven2/org/testng/testng/6.14.3/testng-6.14.3.pom
2020-04-17 00:40:58,128 [Worker-31] INFO  o.e.m.c.i.e.AbstractTransferListenerAdapter - Downloading https://repo.maven.apache.org/maven2/org/apache-extras/beanshell/bsh/2.0b6/bsh-2.0b6.pom
2020-04-17 00:40:59,095 [Worker-31] INFO  o.e.m.c.i.e.AbstractTransferListenerAdapter - Downloaded https://repo.maven.apache.org/maven2/org/apache-extras/beanshell/bsh/2.0b6/bsh-2.0b6.pom
2020-04-17 00:40:59,976 [Worker-31] INFO  o.e.m.c.i.e.AbstractTransferListenerAdapter - Downloading https://repo.maven.apache.org/maven2/org/testng/testng/6.14.3/testng-6.14.3.jar
2020-04-17 00:41:15,565 [Worker-31] INFO  o.e.m.c.i.e.AbstractTransferListenerAdapter - Downloaded https://repo.maven.apache.org/maven2/org/testng/testng/6.14.3/testng-6.14.3.jar
2020-04-17 00:41:16,152 [Worker-31] INFO  o.e.m.c.i.e.AbstractTransferListenerAdapter - Downloading https://repo.maven.apache.org/maven2/org/apache-extras/beanshell/bsh/2.0b6/bsh-2.0b6.jar
2020-04-17 00:41:18,224 [Worker-31] INFO  o.e.m.c.i.e.AbstractTransferListenerAdapter - Downloaded https://repo.maven.apache.org/maven2/org/apache-extras/beanshell/bsh/2.0b6/bsh-2.0b6.jar
2020-04-17 00:41:19,016 [Worker-31] WARN  o.e.m.c.i.embedder.EclipseLogger - Using platform encoding (Cp1252 actually) to copy filtered resources, i.e. build is platform dependent!
2020-04-17 00:41:19,028 [Worker-31] INFO  o.e.m.c.i.embedder.EclipseLogger - Copying 0 resource
2020-04-17 00:41:19,030 [Worker-31] WARN  o.e.m.c.i.embedder.EclipseLogger - Using platform encoding (Cp1252 actually) to copy filtered resources, i.e. build is platform dependent!
2020-04-17 00:41:19,041 [Worker-31] INFO  o.e.m.c.i.embedder.EclipseLogger - Copying 0 resource
2020-04-17 00:41:20,837 [Worker-26] WARN  o.e.m.c.i.embedder.EclipseLogger - Using platform encoding (Cp1252 actually) to copy filtered resources, i.e. build is platform dependent!
2020-04-17 00:41:20,849 [Worker-26] INFO  o.e.m.c.i.embedder.EclipseLogger - Copying 0 resource
2020-04-17 00:41:20,850 [Worker-26] WARN  o.e.m.c.i.embedder.EclipseLogger - Using platform encoding (Cp1252 actually) to copy filtered resources, i.e. build is platform dependent!
2020-04-17 00:41:20,862 [Worker-26] INFO  o.e.m.c.i.embedder.EclipseLogger - Copying 0 resource
2020-04-17 00:42:08,727 [Worker-5] WARN  o.e.m.c.i.embedder.EclipseLogger - Using platform encoding (Cp1252 actually) to copy filtered resources, i.e. build is platform dependent!
2020-04-17 00:42:08,737 [Worker-5] INFO  o.e.m.c.i.embedder.EclipseLogger - Copying 0 resource
2020-04-17 00:42:08,739 [Worker-5] WARN  o.e.m.c.i.embedder.EclipseLogger - Using platform encoding (Cp1252 actually) to copy filtered resources, i.e. build is platform dependent!
2020-04-17 00:42:08,752 [Worker-5] INFO  o.e.m.c.i.embedder.EclipseLogger - Copying 0 resource
2020-04-17 00:47:17,830 [Worker-32] INFO  o.e.m.c.i.e.AbstractTransferListenerAdapter - Downloading https://repo.maven.apache.org/maven2/org/testng/testng/6.14.3/testng-6.14.3-sources.jar
2020-04-17 00:47:30,180 [Worker-32] INFO  o.e.m.c.i.e.AbstractTransferListenerAdapter - Downloaded https://repo.maven.apache.org/maven2/org/testng/testng/6.14.3/testng-6.14.3-sources.jar
2020-04-17 00:47:30,469 [Worker-32] INFO  o.e.m.j.internal.DownloadSourcesJob - Downloaded sources for org.testng:testng:6.14.3
2020-04-17 00:47:30,955 [Worker-25] WARN  o.e.m.c.i.embedder.EclipseLogger - Using platform encoding (Cp1252 actually) to copy filtered resources, i.e. build is platform dependent!
2020-04-17 00:47:30,989 [Worker-25] INFO  o.e.m.c.i.embedder.EclipseLogger - Copying 0 resource
2020-04-17 00:47:31,011 [Worker-25] WARN  o.e.m.c.i.embedder.EclipseLogger - Using platform encoding (Cp1252 actually) to copy filtered resources, i.e. build is platform dependent!
2020-04-17 00:47:31,037 [Worker-25] INFO  o.e.m.c.i.embedder.EclipseLogger - Copying 0 resource
2020-04-17 00:57:04,085 [Worker-34] WARN  o.e.m.c.i.embedder.EclipseLogger - Using platform encoding (Cp1252 actually) to copy filtered resources, i.e. build is platform dependent!
2020-04-17 00:57:04,096 [Worker-34] INFO  o.e.m.c.i.embedder.EclipseLogger - Copying 0 resource
2020-04-17 00:57:04,097 [Worker-34] WARN  o.e.m.c.i.embedder.EclipseLogger - Using platform encoding (Cp1252 actually) to copy filtered resources, i.e. build is platform dependent!
2020-04-17 00:57:04,112 [Worker-34] INFO  o.e.m.c.i.embedder.EclipseLogger - Copying 0 resource
2020-04-17 00:59:17,062 [Worker-36] WARN  o.e.m.c.i.embedder.EclipseLogger - Using platform encoding (Cp1252 actually) to copy filtered resources, i.e. build is platform dependent!
2020-04-17 00:59:17,077 [Worker-36] INFO  o.e.m.c.i.embedder.EclipseLogger - Copying 0 resource
2020-04-17 00:59:17,079 [Worker-36] WARN  o.e.m.c.i.embedder.EclipseLogger - Using platform encoding (Cp1252 actually) to copy filtered resources, i.e. build is platform dependent!
2020-04-17 00:59:17,096 [Worker-36] INFO  o.e.m.c.i.embedder.EclipseLogger - Copying 0 resource
2020-04-17 01:10:36,819 [Worker-42] WARN  o.e.m.c.i.embedder.EclipseLogger - Using platform encoding (Cp1252 actually) to copy filtered resources, i.e. build is platform dependent!
2020-04-17 01:10:36,831 [Worker-42] INFO  o.e.m.c.i.embedder.EclipseLogger - Copying 0 resource
2020-04-17 01:10:36,832 [Worker-42] WARN  o.e.m.c.i.embedder.EclipseLogger - Using platform encoding (Cp1252 actually) to copy filtered resources, i.e. build is platform dependent!
2020-04-17 01:10:36,846 [Worker-42] INFO  o.e.m.c.i.embedder.EclipseLogger - Copying 0 resource
2020-04-17 01:11:44,671 [Worker-41] WARN  o.e.m.c.i.embedder.EclipseLogger - Using platform encoding (Cp1252 actually) to copy filtered resources, i.e. build is platform dependent!
2020-04-17 01:11:44,686 [Worker-41] INFO  o.e.m.c.i.embedder.EclipseLogger - Copying 0 resource
2020-04-17 01:11:44,687 [Worker-41] WARN  o.e.m.c.i.embedder.EclipseLogger - Using platform encoding (Cp1252 actually) to copy filtered resources, i.e. build is platform dependent!
2020-04-17 01:11:44,704 [Worker-41] INFO  o.e.m.c.i.embedder.EclipseLogger - Copying 0 resource
2020-04-17 01:13:36,742 [Worker-42] WARN  o.e.m.c.i.embedder.EclipseLogger - Using platform encoding (Cp1252 actually) to copy filtered resources, i.e. build is platform dependent!
2020-04-17 01:13:36,754 [Worker-42] INFO  o.e.m.c.i.embedder.EclipseLogger - Copying 0 resource
2020-04-17 01:13:36,755 [Worker-42] WARN  o.e.m.c.i.embedder.EclipseLogger - Using platform encoding (Cp1252 actually) to copy filtered resources, i.e. build is platform dependent!
2020-04-17 01:13:36,766 [Worker-42] INFO  o.e.m.c.i.embedder.EclipseLogger - Copying 0 resource
2020-04-17 01:14:07,616 [Worker-5] WARN  o.e.m.c.i.embedder.EclipseLogger - Using platform encoding (Cp1252 actually) to copy filtered resources, i.e. build is platform dependent!
2020-04-17 01:14:07,628 [Worker-5] INFO  o.e.m.c.i.embedder.EclipseLogger - Copying 0 resource
2020-04-17 01:14:07,629 [Worker-5] WARN  o.e.m.c.i.embedder.EclipseLogger - Using platform encoding (Cp1252 actually) to copy filtered resources, i.e. build is platform dependent!
2020-04-17 01:14:07,639 [Worker-5] INFO  o.e.m.c.i.embedder.EclipseLogger - Copying 0 resource
2020-04-17 01:37:08,968 [Worker-40] INFO  o.e.m.i.launch.MavenLaunchDelegate - C:\Stensul\StrangerT
2020-04-17 01:37:08,969 [Worker-40] INFO  o.e.m.i.launch.MavenLaunchDelegate -  mvn -B 
2020-04-17 01:38:48,689 [Worker-45] WARN  o.e.m.c.i.embedder.EclipseLogger - Using platform encoding (Cp1252 actually) to copy filtered resources, i.e. build is platform dependent!
2020-04-17 01:38:48,702 [Worker-45] INFO  o.e.m.c.i.embedder.EclipseLogger - Copying 0 resource
2020-04-17 01:38:48,704 [Worker-45] WARN  o.e.m.c.i.embedder.EclipseLogger - Using platform encoding (Cp1252 actually) to copy filtered resources, i.e. build is platform dependent!
2020-04-17 01:38:48,718 [Worker-45] INFO  o.e.m.c.i.embedder.EclipseLogger - Copying 0 resource
2020-04-17 01:38:49,746 [Worker-43] WARN  o.e.m.c.i.embedder.EclipseLogger - Using platform encoding (Cp1252 actually) to copy filtered resources, i.e. build is platform dependent!
2020-04-17 01:38:49,767 [Worker-43] INFO  o.e.m.c.i.embedder.EclipseLogger - Copying 0 resource
2020-04-17 01:38:49,769 [Worker-43] WARN  o.e.m.c.i.embedder.EclipseLogger - Using platform encoding (Cp1252 actually) to copy filtered resources, i.e. build is platform dependent!
2020-04-17 01:38:49,789 [Worker-43] INFO  o.e.m.c.i.embedder.EclipseLogger - Copying 0 resource
2020-04-17 01:42:32,060 [Worker-44] WARN  o.e.m.c.i.embedder.EclipseLogger - Using platform encoding (Cp1252 actually) to copy filtered resources, i.e. build is platform dependent!
2020-04-17 01:42:32,079 [Worker-44] INFO  o.e.m.c.i.embedder.EclipseLogger - Copying 0 resource
2020-04-17 01:42:32,082 [Worker-44] WARN  o.e.m.c.i.embedder.EclipseLogger - Using platform encoding (Cp1252 actually) to copy filtered resources, i.e. build is platform dependent!
2020-04-17 01:42:32,095 [Worker-44] INFO  o.e.m.c.i.embedder.EclipseLogger - Copying 0 resource
2020-04-17 01:43:45,698 [Worker-1] INFO  c.g.t.t.d.PublishedGradleVersions - Gradle version information cache is up-to-date. Trying to read.
2020-04-17 01:47:46,092 [Worker-5] WARN  o.e.m.c.i.embedder.EclipseLogger - Using platform encoding (Cp1252 actually) to copy filtered resources, i.e. build is platform dependent!
2020-04-17 01:47:46,157 [Worker-5] INFO  o.e.m.c.i.embedder.EclipseLogger - Copying 0 resource
2020-04-17 01:47:46,160 [Worker-5] WARN  o.e.m.c.i.embedder.EclipseLogger - Using platform encoding (Cp1252 actually) to copy filtered resources, i.e. build is platform dependent!
2020-04-17 01:47:46,180 [Worker-5] INFO  o.e.m.c.i.embedder.EclipseLogger - Copying 0 resource
2020-04-17 01:47:53,814 [Worker-0] WARN  o.e.m.c.i.embedder.EclipseLogger - Using platform encoding (Cp1252 actually) to copy filtered resources, i.e. build is platform dependent!
2020-04-17 01:47:53,841 [Worker-0] INFO  o.e.m.c.i.embedder.EclipseLogger - Copying 0 resource
2020-04-17 01:47:53,843 [Worker-0] WARN  o.e.m.c.i.embedder.EclipseLogger - Using platform encoding (Cp1252 actually) to copy filtered resources, i.e. build is platform dependent!
2020-04-17 01:47:53,883 [Worker-0] INFO  o.e.m.c.i.embedder.EclipseLogger - Copying 0 resource
2020-04-17 01:51:23,055 [Worker-9] WARN  o.e.m.c.i.embedder.EclipseLogger - Using platform encoding (Cp1252 actually) to copy filtered resources, i.e. build is platform dependent!
2020-04-17 01:51:23,084 [Worker-9] INFO  o.e.m.c.i.embedder.EclipseLogger - Copying 0 resource
2020-04-17 01:51:23,087 [Worker-9] WARN  o.e.m.c.i.embedder.EclipseLogger - Using platform encoding (Cp1252 actually) to copy filtered resources, i.e. build is platform dependent!
2020-04-17 01:51:23,181 [Worker-9] INFO  o.e.m.c.i.embedder.EclipseLogger - Copying 0 resource
2020-04-17 01:54:34,467 [Worker-11] WARN  o.e.m.c.i.embedder.EclipseLogger - Using platform encoding (Cp1252 actually) to copy filtered resources, i.e. build is platform dependent!
2020-04-17 01:54:34,477 [Worker-11] INFO  o.e.m.c.i.embedder.EclipseLogger - Copying 0 resource
2020-04-17 01:54:34,478 [Worker-11] WARN  o.e.m.c.i.embedder.EclipseLogger - Using platform encoding (Cp1252 actually) to copy filtered resources, i.e. build is platform dependent!
2020-04-17 01:54:34,488 [Worker-11] INFO  o.e.m.c.i.embedder.EclipseLogger - Copying 0 resource
2020-04-17 01:55:57,324 [Worker-6] WARN  o.e.r.models.ModelRepository - Failed to download org.eclipse.recommenders:index::zip:0.0.0
org.eclipse.aether.resolution.ArtifactResolutionException: Could not find artifact org.eclipse.recommenders:index:zip:0.0.0-SNAPSHOT in models (http://download.eclipse.org/recommenders/models/oxygen/)
	at org.eclipse.aether.internal.impl.DefaultArtifactResolver.resolve(DefaultArtifactResolver.java:453) ~[na:na]
	at org.eclipse.aether.internal.impl.DefaultArtifactResolver.resolveArtifacts(DefaultArtifactResolver.java:255) ~[na:na]
	at org.eclipse.aether.internal.impl.DefaultArtifactResolver.resolveArtifact(DefaultArtifactResolver.java:232) ~[na:na]
	at org.eclipse.aether.internal.impl.DefaultRepositorySystem.resolveArtifact(DefaultRepositorySystem.java:303) ~[na:na]
	at org.eclipse.recommenders.models.ModelRepository.resolveInternal(ModelRepository.java:193) [org.eclipse.recommenders.models_2.5.2.v20180401-1226.jar:na]
	at org.eclipse.recommenders.models.ModelRepository.resolve(ModelRepository.java:172) [org.eclipse.recommenders.models_2.5.2.v20180401-1226.jar:na]
	at org.eclipse.recommenders.internal.models.rcp.EclipseModelRepository.resolve(EclipseModelRepository.java:168) [org.eclipse.recommenders.models.rcp_2.5.2.v20180401-1226.jar:na]
	at org.eclipse.recommenders.internal.models.rcp.DownloadModelArchiveJob.run(DownloadModelArchiveJob.java:76) [org.eclipse.recommenders.models.rcp_2.5.2.v20180401-1226.jar:na]
	at org.eclipse.core.internal.jobs.Worker.run(Worker.java:56) [org.eclipse.core.jobs_3.9.3.v20180115-1757.jar:na]
Caused by: org.eclipse.aether.transfer.ArtifactNotFoundException: Could not find artifact org.eclipse.recommenders:index:zip:0.0.0-SNAPSHOT in models (http://download.eclipse.org/recommenders/models/oxygen/)
	at org.eclipse.aether.connector.basic.ArtifactTransportListener.transferFailed(ArtifactTransportListener.java:48) ~[org.apache.maven.resolver.connector.basic_1.0.3.v20170405-0725.jar:1.0.3]
	at org.eclipse.aether.connector.basic.BasicRepositoryConnector$TaskRunner.run(BasicRepositoryConnector.java:364) ~[org.apache.maven.resolver.connector.basic_1.0.3.v20170405-0725.jar:1.0.3]
	at org.eclipse.aether.util.concurrency.RunnableErrorForwarder$1.run(RunnableErrorForwarder.java:76) ~[na:na]
	at org.eclipse.aether.connector.basic.BasicRepositoryConnector$DirectExecutor.execute(BasicRepositoryConnector.java:590) ~[org.apache.maven.resolver.connector.basic_1.0.3.v20170405-0725.jar:1.0.3]
	at org.eclipse.aether.connector.basic.BasicRepositoryConnector.get(BasicRepositoryConnector.java:258) ~[org.apache.maven.resolver.connector.basic_1.0.3.v20170405-0725.jar:1.0.3]
	at org.eclipse.aether.internal.impl.DefaultArtifactResolver.performDownloads(DefaultArtifactResolver.java:529) ~[na:na]
	at org.eclipse.aether.internal.impl.DefaultArtifactResolver.resolve(DefaultArtifactResolver.java:430) ~[na:na]
	... 8 common frames omitted
2020-04-17 01:58:14,282 [Worker-13] WARN  o.e.m.c.i.embedder.EclipseLogger - Using platform encoding (Cp1252 actually) to copy filtered resources, i.e. build is platform dependent!
2020-04-17 01:58:14,321 [Worker-13] INFO  o.e.m.c.i.embedder.EclipseLogger - Copying 0 resource
2020-04-17 01:58:14,323 [Worker-13] WARN  o.e.m.c.i.embedder.EclipseLogger - Using platform encoding (Cp1252 actually) to copy filtered resources, i.e. build is platform dependent!
2020-04-17 01:58:14,358 [Worker-13] INFO  o.e.m.c.i.embedder.EclipseLogger - Copying 0 resource
2020-04-17 01:58:34,629 [Worker-2] WARN  o.e.m.c.i.embedder.EclipseLogger - Using platform encoding (Cp1252 actually) to copy filtered resources, i.e. build is platform dependent!
2020-04-17 01:58:34,644 [Worker-2] INFO  o.e.m.c.i.embedder.EclipseLogger - Copying 0 resource
2020-04-17 01:58:34,646 [Worker-2] WARN  o.e.m.c.i.embedder.EclipseLogger - Using platform encoding (Cp1252 actually) to copy filtered resources, i.e. build is platform dependent!
2020-04-17 01:58:34,662 [Worker-2] INFO  o.e.m.c.i.embedder.EclipseLogger - Copying 0 resource
2020-04-17 01:59:08,560 [Worker-11] WARN  o.e.m.c.i.embedder.EclipseLogger - Using platform encoding (Cp1252 actually) to copy filtered resources, i.e. build is platform dependent!
2020-04-17 01:59:08,572 [Worker-11] INFO  o.e.m.c.i.embedder.EclipseLogger - Copying 0 resource
2020-04-17 01:59:08,574 [Worker-11] WARN  o.e.m.c.i.embedder.EclipseLogger - Using platform encoding (Cp1252 actually) to copy filtered resources, i.e. build is platform dependent!
2020-04-17 01:59:08,590 [Worker-11] INFO  o.e.m.c.i.embedder.EclipseLogger - Copying 0 resource
